\BOOKMARK [0][]{section*.1}{\376\377\000T\000\363\000m\000\040\000t\036\257\000t\000\040\000n\036\331\000i\000\040\000d\000u\000n\000g}{}
\BOOKMARK [0][]{chapter*.2}{\376\377\000M\036\345\000c\000\040\000l\036\345\000c}{}
\BOOKMARK [0][]{section*.4}{\376\377\000D\000a\000n\000h\000\040\000s\000\341\000c\000h\000\040\000h\000\354\000n\000h\000\040\000v\000e}{}
\BOOKMARK [0][]{section*.6}{\376\377\000D\000a\000n\000h\000\040\000s\000\341\000c\000h\000\040\000b\000a\000n\000g}{}
\BOOKMARK [0][]{chapter*.7}{\376\377\000D\000a\000n\000h\000\040\000s\000\341\000c\000h\000\040\000k\000\375\000\040\000h\000i\036\307\000u\000\040\000v\000\340\000\040\000t\036\353\000\040\000v\000i\036\277\000t\000\040\000t\036\257\000t}{}
\BOOKMARK [0][]{chapter*.7}{\376\377\000L\036\335\000i\000\040\000n\000\363\000i\000\040\001\021\036\247\000u}{}
\BOOKMARK [0][]{chapter.1}{\376\377\0001\000\040\000G\000i\036\333\000i\000\040\000t\000h\000i\036\307\000u}{}
\BOOKMARK [1][]{section.1.1}{\376\377\0001\000.\0001\000\040\001\020\036\331\000n\000g\000\040\000l\036\361\000c\000\040\000n\000g\000h\000i\000\352\000n\000\040\000c\036\351\000u}{chapter.1}
\BOOKMARK [1][]{section.1.2}{\376\377\0001\000.\0002\000\040\001\020\036\267\000t\000\040\000v\036\245\000n\000\040\001\021\036\301}{chapter.1}
\BOOKMARK [2][]{subsection.1.2.1}{\376\377\0001\000.\0002\000.\0001\000\040\000P\000h\000\341\000t\000\040\000b\000i\036\303\000u\000\040\000b\000\340\000i\000\040\000t\000o\000\341\000n}{section.1.2}
\BOOKMARK [2][]{subsection.1.2.2}{\376\377\0001\000.\0002\000.\0002\000\040\000C\000\342\000u\000\040\000h\036\317\000i\000\040\000n\000g\000h\000i\000\352\000n\000\040\000c\036\351\000u}{section.1.2}
\BOOKMARK [2][]{subsection.1.2.3}{\376\377\0001\000.\0002\000.\0003\000\040\000T\000h\000\341\000c\000h\000\040\000t\000h\036\351\000c}{section.1.2}
\BOOKMARK [1][]{section.1.3}{\376\377\0001\000.\0003\000\040\000\335\000\040\000n\000g\000h\001\051\000a}{chapter.1}
\BOOKMARK [2][]{subsection.1.3.1}{\376\377\0001\000.\0003\000.\0001\000\040\000\335\000\040\000n\000g\000h\001\051\000a\000\040\000k\000h\000o\000a\000\040\000h\036\315\000c}{section.1.3}
\BOOKMARK [2][]{subsection.1.3.2}{\376\377\0001\000.\0003\000.\0002\000\040\000\335\000\040\000n\000g\000h\001\051\000a\000\040\000t\000h\036\361\000c\000\040\000t\000i\036\305\000n}{section.1.3}
\BOOKMARK [1][]{section.1.4}{\376\377\0001\000.\0004\000\040\000N\000g\000h\000i\000\352\000n\000\040\000c\036\351\000u\000\040\000l\000i\000\352\000n\000\040\000q\000u\000a\000n}{chapter.1}
\BOOKMARK [2][]{subsection.1.4.1}{\376\377\0001\000.\0004\000.\0001\000\040\000M\036\331\000t\000\040\000s\036\321\000\040\000n\000g\000h\000i\000\352\000n\000\040\000c\036\351\000u\000\040\000l\000i\000\352\000n\000\040\000q\000u\000a\000n\000\040\036\337\000\040\000n\001\260\036\333\000c\000\040\000n\000g\000o\000\340\000i}{section.1.4}
\BOOKMARK [2][]{subsection.1.4.2}{\376\377\0001\000.\0004\000.\0002\000\040\000M\036\331\000t\000\040\000s\036\321\000\040\000n\000g\000h\000i\000\352\000n\000\040\000c\036\351\000u\000\040\000l\000i\000\352\000n\000\040\000q\000u\000a\000n\000\040\036\337\000\040\000t\000r\000o\000n\000g\000\040\000n\001\260\036\333\000c}{section.1.4}
\BOOKMARK [0][]{chapter.2}{\376\377\0002\000\040\000M\036\331\000t\000\040\000s\036\321\000\040\000p\000h\001\260\001\241\000n\000g\000\040\000p\000h\000\341\000p\000\040\000t\000h\036\361\000c\000\040\000h\000i\036\307\000n}{}
\BOOKMARK [1][]{section.2.1}{\376\377\0002\000.\0001\000\040\000F\000i\000n\000a\000l\000\040\000a\000i\000m}{chapter.2}
\BOOKMARK [1][]{section.2.2}{\376\377\0002\000.\0002\000\040\000P\000r\000e\000l\000i\000m\000i\000n\000a\000r\000y\000\040\000a\000i\000m\000s}{chapter.2}
\BOOKMARK [0][]{chapter.3}{\376\377\0003\000\040\000P\000h\001\260\001\241\000n\000g\000\040\000p\000h\000\341\000p\000\040\000g\000i\036\243\000i\000\040\000q\000u\000y\036\277\000t}{}
\BOOKMARK [0][]{section*.9}{\376\377\000T\000\340\000i\000\040\000l\000i\000u\000\040\000t\000h\000a\000m\000\040\000k\000h\000a\000o}{}
