This is pdfTeXk, Version 3.141592-1.40.3 (Web2C 7.5.6) (format=pdftex 2012.3.2)  7 MAR 2012 00:10
entering extended mode
 %&-line parsing enabled.
**\nonstopmode\input preface.tex
(./preface.tex
! Undefined control sequence.
l.3 \clearpage
              
The control sequence at the end of the top line
of your error message was never \def'ed. If you have
misspelled it (e.g., `\hobx'), type `I' and the correct
spelling (e.g., `I\hbox'). Otherwise just continue,
and I'll forget about whatever was undefined.

! Undefined control sequence.
l.4 \pagestyle
              {empty}
The control sequence at the end of the top line
of your error message was never \def'ed. If you have
misspelled it (e.g., `\hobx'), type `I' and the correct
spelling (e.g., `I\hbox'). Otherwise just continue,
and I'll forget about whatever was undefined.

! Undefined control sequence.
l.6 \begin
          {preface}
The control sequence at the end of the top line
of your error message was never \def'ed. If you have
misspelled it (e.g., `\hobx'), type `I' and the correct
spelling (e.g., `I\hbox'). Otherwise just continue,
and I'll forget about whatever was undefined.

Missing character: There is no ƒ in font cmr10!
Missing character: There is no ê in font cmr10!
Missing character: There is no ∆ in font cmr10!
Missing character: There is no ∞ in font cmr10!
Missing character: There is no · in font cmr10!
Missing character: There is no ª in font cmr10!
Missing character: There is no £ in font cmr10!
Missing character: There is no · in font cmr10!
Missing character: There is no ª in font cmr10!
Missing character: There is no ô in font cmr10!
Missing character: There is no ƒ in font cmr10!
Missing character: There is no ë in font cmr10!
Missing character: There is no · in font cmr10!
Missing character: There is no ª in font cmr10!
Missing character: There is no ì in font cmr10!
Missing character: There is no √ in font cmr10!
Missing character: There is no ™ in font cmr10!
Missing character: There is no · in font cmr10!
Missing character: There is no ª in font cmr10!
Missing character: There is no © in font cmr10!
Missing character: There is no · in font cmr10!
Missing character: There is no ª in font cmr10!
Missing character: There is no ç in font cmr10!
Missing character: There is no √ in font cmr10!
Missing character: There is no ™ in font cmr10!
Missing character: There is no √ in font cmr10!
Missing character: There is no † in font cmr10!
Missing character: There is no · in font cmr10!
Missing character: There is no ∫ in font cmr10!
Missing character: There is no ø in font cmr10!
Missing character: There is no · in font cmr10!
Missing character: There is no ª in font cmr10!
Missing character: There is no õ in font cmr10!
Missing character: There is no √ in font cmr10!
Missing character: There is no ¢ in font cmr10!
Missing character: There is no · in font cmr10!
Missing character: There is no ∫ in font cmr10!
Missing character: There is no • in font cmr10!
Missing character: There is no · in font cmr10!
Missing character: There is no ª in font cmr10!
Missing character: There is no õ in font cmr10!
Missing character: There is no √ in font cmr10!
Missing character: There is no ≠ in font cmr10!
Missing character: There is no · in font cmr10!
Missing character: There is no ∫ in font cmr10!
Missing character: There is no • in font cmr10!
Missing character: There is no · in font cmr10!
Missing character: There is no ª in font cmr10!
Missing character: There is no ± in font cmr10!
Missing character: There is no · in font cmr10!
Missing character: There is no ª in font cmr10!
Missing character: There is no á in font cmr10!
Missing character: There is no ƒ in font cmr10!
Missing character: There is no ë in font cmr10!
Missing character: There is no ∆ in font cmr10!
Missing character: There is no ∞ in font cmr10!
Missing character: There is no · in font cmr10!
Missing character: There is no ª in font cmr10!
Missing character: There is no £ in font cmr10!
Missing character: There is no √ in font cmr10!
Missing character: There is no † in font cmr10!
Missing character: There is no · in font cmr10!
Missing character: There is no ª in font cmr10!
Missing character: There is no ô in font cmr10!
Missing character: There is no √ in font cmr10!
Missing character: There is no † in font cmr10!
Missing character: There is no √ in font cmr10!
Missing character: There is no ° in font cmr10!
Missing character: There is no · in font cmr10!
Missing character: There is no ª in font cmr10!
Missing character: There is no ç in font cmr10!
Missing character: There is no ƒ in font cmr10!
Missing character: There is no © in font cmr10!
Missing character: There is no · in font cmr10!
Missing character: There is no ª in font cmr10!
Missing character: There is no ± in font cmr10!
Missing character: There is no √ in font cmr10!
Missing character: There is no ° in font cmr10!
Missing character: There is no · in font cmr10!
Missing character: There is no ª in font cmr10!
Missing character: There is no Ø in font cmr10!
Missing character: There is no · in font cmr10!
Missing character: There is no ª in font cmr10!
Missing character: There is no á in font cmr10!
Missing character: There is no · in font cmr10!
Missing character: There is no ª in font cmr10!
Missing character: There is no ´ in font cmr10!
Missing character: There is no ƒ in font cmr10!
Missing character: There is no É in font cmr10!
Missing character: There is no √ in font cmr10!
Missing character: There is no ≠ in font cmr10!
Missing character: There is no · in font cmr10!
Missing character: There is no ∫ in font cmr10!
Missing character: There is no • in font cmr10!
Missing character: There is no · in font cmr10!
Missing character: There is no ª in font cmr10!
Missing character: There is no ± in font cmr10!
Missing character: There is no · in font cmr10!
Missing character: There is no ª in font cmr10!
Missing character: There is no á in font cmr10!
Missing character: There is no ƒ in font cmr10!
Missing character: There is no ë in font cmr10!
Missing character: There is no √ in font cmr10!
Missing character: There is no £ in font cmr10!
Missing character: There is no · in font cmr10!
Missing character: There is no ª in font cmr10!
Missing character: There is no ü in font cmr10!
Missing character: There is no √ in font cmr10!
Missing character: There is no † in font cmr10!
Missing character: There is no ƒ in font cmr10!
Missing character: There is no ë in font cmr10!
Missing character: There is no · in font cmr10!
Missing character: There is no ª in font cmr10!
Missing character: There is no Å in font cmr10!
Missing character: There is no √ in font cmr10!
Missing character: There is no † in font cmr10!
Missing character: There is no · in font cmr10!
Missing character: There is no ª in font cmr10!
Missing character: There is no ß in font cmr10!
Missing character: There is no · in font cmr10!
Missing character: There is no ª in font cmr10!
Missing character: There is no ë in font cmr10!
Missing character: There is no · in font cmr10!
Missing character: There is no ∫ in font cmr10!
Missing character: There is no ° in font cmr10!
Missing character: There is no · in font cmr10!
Missing character: There is no ª in font cmr10!
Missing character: There is no ô in font cmr10!
Missing character: There is no · in font cmr10!
Missing character: There is no ª in font cmr10!
Missing character: There is no ã in font cmr10!
! Undefined control sequence.
l.12 	ch·ªß ch·ªët t·∫°i h·ªôi ngh·ªã \emph
                                           {Message Understanding Conference...
The control sequence at the end of the top line
of your error message was never \def'ed. If you have
misspelled it (e.g., `\hobx'), type `I' and the correct
spelling (e.g., `I\hbox'). Otherwise just continue,
and I'll forget about whatever was undefined.

Missing character: There is no · in font cmr10!
Missing character: There is no ∫ in font cmr10!
Missing character: There is no ß in font cmr10!
Missing character: There is no · in font cmr10!
Missing character: There is no ª in font cmr10!
Missing character: There is no ï in font cmr10!
Missing character: There is no · in font cmr10!
Missing character: There is no ª in font cmr10!
Missing character: There is no © in font cmr10!
Missing character: There is no ƒ in font cmr10!
Missing character: There is no ë in font cmr10!
Missing character: There is no · in font cmr10!
Missing character: There is no ∫ in font cmr10!
Missing character: There is no ß in font cmr10!
Missing character: There is no √ in font cmr10!
Missing character: There is no ™ in font cmr10!
Missing character: There is no √ in font cmr10!
Missing character: There is no ° in font cmr10!
Missing character: There is no √ in font cmr10!
Missing character: There is no ° in font cmr10!
Missing character: There is no · in font cmr10!
Missing character: There is no ª in font cmr10!
Missing character: There is no ì in font cmr10!
Missing character: There is no · in font cmr10!
Missing character: There is no ª in font cmr10!
Missing character: There is no ë in font cmr10!
Missing character: There is no ∆ in font cmr10!
Missing character: There is no ∞ in font cmr10!
Missing character: There is no ∆ in font cmr10!
Missing character: There is no ° in font cmr10!
Missing character: There is no ƒ in font cmr10!
Missing character: There is no ë in font cmr10!
Missing character: There is no ∆ in font cmr10!
Missing character: There is no ∞ in font cmr10!
Missing character: There is no · in font cmr10!
Missing character: There is no ª in font cmr10!
Missing character: There is no £ in font cmr10!
Missing character: There is no √ in font cmr10!
Missing character: There is no ¥ in font cmr10!
Missing character: There is no · in font cmr10!
Missing character: There is no ∫ in font cmr10!
Missing character: There is no £ in font cmr10!
Missing character: There is no ∆ in font cmr10!
Missing character: There is no ∞ in font cmr10!
Missing character: There is no ∆ in font cmr10!
Missing character: There is no ∞ in font cmr10!
Missing character: There is no · in font cmr10!
Missing character: There is no ª in font cmr10!
Missing character: There is no õ in font cmr10!
Missing character: There is no ƒ in font cmr10!
Missing character: There is no ë in font cmr10!
Missing character: There is no √ in font cmr10!
Missing character: There is no ¢ in font cmr10!
! Undefined control sequence.
l.17 	\begin
            {description}
The control sequence at the end of the top line
of your error message was never \def'ed. If you have
misspelled it (e.g., `\hobx'), type `I' and the correct
spelling (e.g., `I\hbox'). Otherwise just continue,
and I'll forget about whatever was undefined.

Missing character: There is no ∆ in font cmr10!
Missing character: There is no ∞ in font cmr10!
Missing character: There is no ∆ in font cmr10!
Missing character: There is no ° in font cmr10!
! Undefined control sequence.
l.18 		\item[Ch∆∞∆°ng 1.] \emph
                               {Gi·ªõi thi·ªáu} kh√°i qu√°t chung v·ªÅ ƒë·ªô...
The control sequence at the end of the top line
of your error message was never \def'ed. If you have
misspelled it (e.g., `\hobx'), type `I' and the correct
spelling (e.g., `I\hbox'). Otherwise just continue,
and I'll forget about whatever was undefined.

Missing character: There is no · in font cmr10!
Missing character: There is no ª in font cmr10!
Missing character: There is no õ in font cmr10!
Missing character: There is no · in font cmr10!
Missing character: There is no ª in font cmr10!
Missing character: There is no á in font cmr10!
Missing character: There is no √ in font cmr10!
Missing character: There is no ° in font cmr10!
Missing character: There is no √ in font cmr10!
Missing character: There is no ° in font cmr10!
Missing character: There is no · in font cmr10!
Missing character: There is no ª in font cmr10!
Missing character: There is no Å in font cmr10!
Missing character: There is no ƒ in font cmr10!
Missing character: There is no ë in font cmr10!
Missing character: There is no · in font cmr10!
Missing character: There is no ª in font cmr10!
Missing character: There is no ô in font cmr10!
Missing character: There is no · in font cmr10!
Missing character: There is no ª in font cmr10!
Missing character: There is no ± in font cmr10!
Missing character: There is no · in font cmr10!
Missing character: There is no ª in font cmr10!
Missing character: There is no ± in font cmr10!
Missing character: There is no · in font cmr10!
Missing character: There is no ª in font cmr10!
Missing character: There is no á in font cmr10!
Missing character: There is no √ in font cmr10!
Missing character: There is no ™ in font cmr10!
Missing character: There is no · in font cmr10!
Missing character: There is no ª in font cmr10!
Missing character: There is no © in font cmr10!
Missing character: There is no √ in font cmr10!
Missing character: There is no ¥ in font cmr10!
Missing character: There is no · in font cmr10!
Missing character: There is no ∫ in font cmr10!
Missing character: There is no £ in font cmr10!
Missing character: There is no · in font cmr10!
Missing character: There is no ª in font cmr10!
Missing character: There is no Å in font cmr10!
Missing character: There is no √ in font cmr10!
Missing character: There is no † in font cmr10!
Missing character: There is no √ in font cmr10!
Missing character: There is no ° in font cmr10!
Missing character: There is no √ in font cmr10!
Missing character: There is no ≠ in font cmr10!
Missing character: There is no · in font cmr10!
Missing character: There is no ∫ in font cmr10!
Missing character: There is no • in font cmr10!
Missing character: There is no · in font cmr10!
Missing character: There is no ª in font cmr10!
Missing character: There is no ± in font cmr10!
Missing character: There is no · in font cmr10!
Missing character: There is no ª in font cmr10!
Missing character: There is no á in font cmr10!
Missing character: There is no √ in font cmr10!
Missing character: There is no † in font cmr10!
Missing character: There is no ≈ in font cmr10!
Missing character: There is no © in font cmr10!
Missing character: There is no √ in font cmr10!
Missing character: There is no ™ in font cmr10!
Missing character: There is no · in font cmr10!
Missing character: There is no ª in font cmr10!
Missing character: There is no ô in font cmr10!
Missing character: There is no · in font cmr10!
Missing character: There is no ª in font cmr10!
Missing character: There is no ë in font cmr10!
Missing character: There is no √ in font cmr10!
Missing character: There is no ™ in font cmr10!
Missing character: There is no · in font cmr10!
Missing character: There is no ª in font cmr10!
Missing character: There is no © in font cmr10!
Missing character: There is no √ in font cmr10!
Missing character: There is no ™ in font cmr10!
Missing character: There is no · in font cmr10!
Missing character: There is no ª in font cmr10!
Missing character: There is no ü in font cmr10!
Missing character: There is no √ in font cmr10!
Missing character: There is no † in font cmr10!
Missing character: There is no √ in font cmr10!
Missing character: There is no † in font cmr10!
Missing character: There is no ∆ in font cmr10!
Missing character: There is no ∞ in font cmr10!
Missing character: There is no · in font cmr10!
Missing character: There is no ª in font cmr10!
Missing character: There is no õ in font cmr10!
Missing character: There is no √ in font cmr10!
Missing character: There is no † in font cmr10!
Missing character: There is no · in font cmr10!
Missing character: There is no ª in font cmr10!
Missing character: There is no ô in font cmr10!
Missing character: There is no · in font cmr10!
Missing character: There is no ª in font cmr10!
Missing character: There is no á in font cmr10!
Missing character: There is no · in font cmr10!
Missing character: There is no ª in font cmr10!
Missing character: There is no ë in font cmr10!
Missing character: There is no √ in font cmr10!
Missing character: There is no µ in font cmr10!
Missing character: There is no · in font cmr10!
Missing character: There is no ª in font cmr10!
Missing character: There is no © in font cmr10!
Missing character: There is no ≈ in font cmr10!
Missing character: There is no © in font cmr10!
Missing character: There is no ƒ in font cmr10!
Missing character: There is no ë in font cmr10!
Missing character: There is no ∆ in font cmr10!
Missing character: There is no ∞ in font cmr10!
Missing character: There is no · in font cmr10!
Missing character: There is no ª in font cmr10!
Missing character: There is no £ in font cmr10!
Missing character: There is no · in font cmr10!
Missing character: There is no ∫ in font cmr10!
Missing character: There is no Ø in font cmr10!
Missing character: There is no · in font cmr10!
Missing character: There is no ª in font cmr10!
Missing character: There is no õ in font cmr10!
Missing character: There is no ∆ in font cmr10!
Missing character: There is no ∞ in font cmr10!
Missing character: There is no ∆ in font cmr10!
Missing character: There is no ° in font cmr10!
Missing character: There is no √ in font cmr10!
Missing character: There is no † in font cmr10!
Missing character: There is no ∆ in font cmr10!
Missing character: There is no ∞ in font cmr10!
Missing character: There is no ∆ in font cmr10!
Missing character: There is no ° in font cmr10!
! Undefined control sequence.
l.24         \item[Ch∆∞∆°ng 2.] \emph
                                     {M·ªôt s·ªë ph∆∞∆°ng ph√°p tr√≠ch xu·∫•...
The control sequence at the end of the top line
of your error message was never \def'ed. If you have
misspelled it (e.g., `\hobx'), type `I' and the correct
spelling (e.g., `I\hbox'). Otherwise just continue,
and I'll forget about whatever was undefined.

Missing character: There is no · in font cmr10!
Missing character: There is no ª in font cmr10!
Missing character: There is no ô in font cmr10!
Missing character: There is no · in font cmr10!
Missing character: There is no ª in font cmr10!
Missing character: There is no ë in font cmr10!
Missing character: There is no ∆ in font cmr10!
Missing character: There is no ∞ in font cmr10!
Missing character: There is no ∆ in font cmr10!
Missing character: There is no ° in font cmr10!
Missing character: There is no √ in font cmr10!
Missing character: There is no ° in font cmr10!
Missing character: There is no √ in font cmr10!
Missing character: There is no ≠ in font cmr10!
Missing character: There is no · in font cmr10!
Missing character: There is no ∫ in font cmr10!
Missing character: There is no • in font cmr10!
Missing character: There is no · in font cmr10!
Missing character: There is no ª in font cmr10!
Missing character: There is no ± in font cmr10!
Missing character: There is no · in font cmr10!
Missing character: There is no ª in font cmr10!
Missing character: There is no á in font cmr10!
Missing character: There is no ƒ in font cmr10!
Missing character: There is no ë in font cmr10!
Missing character: There is no ∆ in font cmr10!
Missing character: There is no ∞ in font cmr10!
Missing character: There is no ∆ in font cmr10!
Missing character: There is no ∞ in font cmr10!
Missing character: There is no ∆ in font cmr10!
Missing character: There is no ° in font cmr10!
Missing character: There is no √ in font cmr10!
Missing character: There is no ° in font cmr10!
Missing character: There is no √ in font cmr10!
Missing character: There is no ≠ in font cmr10!
Missing character: There is no · in font cmr10!
Missing character: There is no ∫ in font cmr10!
Missing character: There is no • in font cmr10!
Missing character: There is no · in font cmr10!
Missing character: There is no ª in font cmr10!
Missing character: There is no ± in font cmr10!
Missing character: There is no · in font cmr10!
Missing character: There is no ª in font cmr10!
Missing character: There is no á in font cmr10!
Missing character: There is no · in font cmr10!
Missing character: There is no ª in font cmr10!
Missing character: There is no ï in font cmr10!
Missing character: There is no · in font cmr10!
Missing character: There is no ∫ in font cmr10!
Missing character: There is no ø in font cmr10!
Missing character: There is no √ in font cmr10!
Missing character: There is no † in font cmr10!
Missing character: There is no √ in font cmr10!
Missing character: There is no ≥ in font cmr10!
Missing character: There is no ƒ in font cmr10!
Missing character: There is no ë in font cmr10!
Missing character: There is no · in font cmr10!
Missing character: There is no ª in font cmr10!
Missing character: There is no ô in font cmr10!
Missing character: There is no √ in font cmr10!
Missing character: There is no ≠ in font cmr10!
Missing character: There is no √ in font cmr10!
Missing character: There is no ° in font cmr10!
Missing character: There is no ∆ in font cmr10!
Missing character: There is no ° in font cmr10!
Missing character: There is no · in font cmr10!
Missing character: There is no ª in font cmr10!
Missing character: There is no Ø in font cmr10!
Missing character: There is no √ in font cmr10!
Missing character: There is no ∫ in font cmr10!
Missing character: There is no √ in font cmr10!
Missing character: There is no ¥ in font cmr10!
Missing character: There is no ≈ in font cmr10!
Missing character: There is no © in font cmr10!
Missing character: There is no √ in font cmr10!
Missing character: There is no ¢ in font cmr10!
Missing character: There is no √ in font cmr10!
Missing character: There is no ≠ in font cmr10!
Missing character: There is no · in font cmr10!
Missing character: There is no ª in font cmr10!
Missing character: There is no Ø in font cmr10!
Missing character: There is no · in font cmr10!
Missing character: There is no ∫ in font cmr10!
Missing character: There is no ≠ in font cmr10!
Missing character: There is no · in font cmr10!
Missing character: There is no ª in font cmr10!
Missing character: There is no £ in font cmr10!
Missing character: There is no · in font cmr10!
Missing character: There is no ª in font cmr10!
Missing character: There is no ß in font cmr10!
Missing character: There is no · in font cmr10!
Missing character: There is no ª in font cmr10!
Missing character: There is no ´ in font cmr10!
Missing character: There is no ∆ in font cmr10!
Missing character: There is no ∞ in font cmr10!
Missing character: There is no ∆ in font cmr10!
Missing character: There is no ° in font cmr10!
Missing character: There is no √ in font cmr10!
Missing character: There is no ° in font cmr10!
Missing character: There is no √ in font cmr10!
Missing character: There is no † in font cmr10!
Missing character: There is no √ in font cmr10!
Missing character: There is no ° in font cmr10!
Missing character: There is no √ in font cmr10!
Missing character: There is no ° in font cmr10!
Missing character: There is no · in font cmr10!
Missing character: There is no ª in font cmr10!
Missing character: There is no • in font cmr10!
Missing character: There is no √ in font cmr10!
Missing character: There is no ∫ in font cmr10!
Missing character: There is no √ in font cmr10!
Missing character: There is no † in font cmr10!
Missing character: There is no √ in font cmr10!
Missing character: There is no ¥ in font cmr10!
Missing character: There is no √ in font cmr10!
Missing character: There is no ¨ in font cmr10!
Missing character: There is no · in font cmr10!
Missing character: There is no ∫ in font cmr10!
Missing character: There is no £ in font cmr10!
Missing character: There is no · in font cmr10!
Missing character: There is no ∫ in font cmr10!
Missing character: There is no ø in font cmr10!
Missing character: There is no · in font cmr10!
Missing character: There is no ª in font cmr10!
Missing character: There is no ß in font cmr10!
Missing character: There is no √ in font cmr10!
Missing character: There is no ¨ in font cmr10!
Missing character: There is no ƒ in font cmr10!
Missing character: There is no ë in font cmr10!
Missing character: There is no · in font cmr10!
Missing character: There is no ª in font cmr10!
Missing character: There is no É in font cmr10!
Missing character: There is no ƒ in font cmr10!
Missing character: There is no ë in font cmr10!
Missing character: There is no · in font cmr10!
Missing character: There is no ∫ in font cmr10!
Missing character: There is no ° in font cmr10!
Missing character: There is no ƒ in font cmr10!
Missing character: There is no ë in font cmr10!
Missing character: There is no ∆ in font cmr10!
Missing character: There is no ∞ in font cmr10!
Missing character: There is no · in font cmr10!
Missing character: There is no ª in font cmr10!
Missing character: There is no £ in font cmr10!
Missing character: There is no · in font cmr10!
Missing character: There is no ª in font cmr10!
Missing character: There is no á in font cmr10!
Missing character: There is no · in font cmr10!
Missing character: There is no ∫ in font cmr10!
Missing character: There is no £ in font cmr10!
Missing character: There is no · in font cmr10!
Missing character: There is no ª in font cmr10!
Missing character: There is no ë in font cmr10!
Missing character: There is no ∆ in font cmr10!
Missing character: There is no ° in font cmr10!
Missing character: There is no ∆ in font cmr10!
Missing character: There is no ∞ in font cmr10!
Missing character: There is no ∆ in font cmr10!
Missing character: There is no ° in font cmr10!
! Undefined control sequence.
l.30         \item[Ch∆∞∆°ng 3.] \emph
                                     {Tr√≠ch xu·∫•t s·ª± ki·ªán d·ª±a tr√™n ...
The control sequence at the end of the top line
of your error message was never \def'ed. If you have
misspelled it (e.g., `\hobx'), type `I' and the correct
spelling (e.g., `I\hbox'). Otherwise just continue,
and I'll forget about whatever was undefined.

Missing character: There is no √ in font cmr10!
Missing character: There is no ≠ in font cmr10!
Missing character: There is no · in font cmr10!
Missing character: There is no ∫ in font cmr10!
Missing character: There is no • in font cmr10!
Missing character: There is no · in font cmr10!
Missing character: There is no ª in font cmr10!
Missing character: There is no ± in font cmr10!
Missing character: There is no · in font cmr10!
Missing character: There is no ª in font cmr10!
Missing character: There is no á in font cmr10!
Missing character: There is no · in font cmr10!
Missing character: There is no ª in font cmr10!
Missing character: There is no ± in font cmr10!
Missing character: There is no √ in font cmr10!
Missing character: There is no ™ in font cmr10!
Missing character: There is no · in font cmr10!
Missing character: There is no ∫ in font cmr10!
Missing character: There is no ≠ in font cmr10!
Missing character: There is no · in font cmr10!
Missing character: There is no ∫ in font cmr10!
Missing character: There is no ø in font cmr10!
Missing character: There is no · in font cmr10!
Missing character: There is no ª in font cmr10!
Missing character: There is no £ in font cmr10!
Missing character: There is no · in font cmr10!
Missing character: There is no ª in font cmr10!
Missing character: There is no ç in font cmr10!
Missing character: There is no √ in font cmr10!
Missing character: There is no ° in font cmr10!
Missing character: There is no √ in font cmr10!
Missing character: There is no † in font cmr10!
Missing character: There is no · in font cmr10!
Missing character: There is no ª in font cmr10!
Missing character: There is no á in font cmr10!
Missing character: There is no · in font cmr10!
Missing character: There is no ª in font cmr10!
Missing character: There is no ë in font cmr10!
Missing character: There is no √ in font cmr10!
Missing character: There is no µ in font cmr10!
Missing character: There is no · in font cmr10!
Missing character: There is no ª in font cmr10!
Missing character: There is no © in font cmr10!
Missing character: There is no √ in font cmr10!
Missing character: There is no ¨ in font cmr10!
Missing character: There is no √ in font cmr10!
Missing character: There is no † in font cmr10!
Missing character: There is no ∆ in font cmr10!
Missing character: There is no ∞ in font cmr10!
Missing character: There is no ∆ in font cmr10!
Missing character: There is no ° in font cmr10!
Missing character: There is no √ in font cmr10!
Missing character: There is no ° in font cmr10!
Missing character: There is no √ in font cmr10!
Missing character: There is no ≠ in font cmr10!
Missing character: There is no · in font cmr10!
Missing character: There is no ∫ in font cmr10!
Missing character: There is no • in font cmr10!
Missing character: There is no · in font cmr10!
Missing character: There is no ª in font cmr10!
Missing character: There is no ± in font cmr10!
Missing character: There is no · in font cmr10!
Missing character: There is no ª in font cmr10!
Missing character: There is no á in font cmr10!
Missing character: There is no · in font cmr10!
Missing character: There is no ª in font cmr10!
Missing character: There is no ± in font cmr10!
Missing character: There is no √ in font cmr10!
Missing character: There is no ™ in font cmr10!
Missing character: There is no · in font cmr10!
Missing character: There is no ∫ in font cmr10!
Missing character: There is no ≠ in font cmr10!
Missing character: There is no · in font cmr10!
Missing character: There is no ∫ in font cmr10!
Missing character: There is no ø in font cmr10!
Missing character: There is no · in font cmr10!
Missing character: There is no ª in font cmr10!
Missing character: There is no £ in font cmr10!
Missing character: There is no · in font cmr10!
Missing character: There is no ª in font cmr10!
Missing character: There is no õ in font cmr10!
Missing character: There is no ∆ in font cmr10!
Missing character: There is no ∞ in font cmr10!
Missing character: There is no ∆ in font cmr10!
Missing character: There is no ° in font cmr10!
Missing character: There is no √ in font cmr10!
Missing character: There is no ° in font cmr10!
Missing character: There is no · in font cmr10!
Missing character: There is no ª in font cmr10!
Missing character: There is no ç in font cmr10!
Missing character: There is no √ in font cmr10!
Missing character: There is no ° in font cmr10!
Missing character: There is no ∆ in font cmr10!
Missing character: There is no ∞ in font cmr10!
Missing character: There is no ∆ in font cmr10!
Missing character: There is no ° in font cmr10!
Missing character: There is no √ in font cmr10!
Missing character: There is no ° in font cmr10!
Missing character: There is no √ in font cmr10!
Missing character: There is no ≠ in font cmr10!
Missing character: There is no √ in font cmr10!
Missing character: There is no ¥ in font cmr10!
Missing character: There is no √ in font cmr10!
Missing character: There is no ¨ in font cmr10!
Missing character: There is no · in font cmr10!
Missing character: There is no ∫ in font cmr10!
Missing character: There is no £ in font cmr10!
Missing character: There is no · in font cmr10!
Missing character: There is no ∫ in font cmr10!
Missing character: There is no ø in font cmr10!
Missing character: There is no · in font cmr10!
Missing character: There is no ª in font cmr10!
Missing character: There is no ß in font cmr10!
Missing character: There is no √ in font cmr10!
Missing character: There is no ™ in font cmr10!
Missing character: There is no · in font cmr10!
Missing character: There is no ª in font cmr10!
Missing character: There is no © in font cmr10!
Missing character: There is no √ in font cmr10!
Missing character: There is no † in font cmr10!
Missing character: There is no ƒ in font cmr10!
Missing character: There is no ê in font cmr10!
Missing character: There is no · in font cmr10!
Missing character: There is no ª in font cmr10!
Missing character: There is no ì in font cmr10!
Missing character: There is no · in font cmr10!
Missing character: There is no ª in font cmr10!
Missing character: There is no ù in font cmr10!
Missing character: There is no √ in font cmr10!
Missing character: There is no ¥ in font cmr10!
Missing character: There is no √ in font cmr10!
Missing character: There is no ¨ in font cmr10!
Missing character: There is no · in font cmr10!
Missing character: There is no ª in font cmr10!
Missing character: There is no á in font cmr10!
Missing character: There is no · in font cmr10!
Missing character: There is no ª in font cmr10!
Missing character: There is no ë in font cmr10!
Missing character: There is no √ in font cmr10!
Missing character: There is no µ in font cmr10!
Missing character: There is no · in font cmr10!
Missing character: There is no ª in font cmr10!
Missing character: There is no © in font cmr10!
Missing character: There is no ≈ in font cmr10!
Missing character: There is no © in font cmr10!
Missing character: There is no · in font cmr10!
Missing character: There is no ∫ in font cmr10!
Missing character: There is no Ω in font cmr10!
Missing character: There is no ƒ in font cmr10!
Missing character: There is no ë in font cmr10!
Missing character: There is no ∆ in font cmr10!
Missing character: There is no ∞ in font cmr10!
Missing character: There is no · in font cmr10!
Missing character: There is no ª in font cmr10!
Missing character: There is no £ in font cmr10!
Missing character: There is no √ in font cmr10!
Missing character: There is no ™ in font cmr10!
Missing character: There is no √ in font cmr10!
Missing character: There is no µ in font cmr10!
Missing character: There is no √ in font cmr10!
Missing character: There is no † in font cmr10!
Missing character: There is no √ in font cmr10!
Missing character: There is no ¢ in font cmr10!
Missing character: There is no √ in font cmr10!
Missing character: There is no ≠ in font cmr10!
Missing character: There is no · in font cmr10!
Missing character: There is no ∫ in font cmr10!
Missing character: There is no ø in font cmr10!
Missing character: There is no ∆ in font cmr10!
Missing character: There is no ∞ in font cmr10!
Missing character: There is no ∆ in font cmr10!
Missing character: There is no ° in font cmr10!
! Undefined control sequence.
l.38         \item[Ch∆∞∆°ng 4.] \emph
                                     {Th·ª±c nghi·ªám ph∆∞∆°ng ph√°p tr√™n h...
The control sequence at the end of the top line
of your error message was never \def'ed. If you have
misspelled it (e.g., `\hobx'), type `I' and the correct
spelling (e.g., `I\hbox'). Otherwise just continue,
and I'll forget about whatever was undefined.

Missing character: There is no · in font cmr10!
Missing character: There is no ª in font cmr10!
Missing character: There is no ± in font cmr10!
Missing character: There is no · in font cmr10!
Missing character: There is no ª in font cmr10!
Missing character: There is no á in font cmr10!
Missing character: There is no ∆ in font cmr10!
Missing character: There is no ∞ in font cmr10!
Missing character: There is no ∆ in font cmr10!
Missing character: There is no ° in font cmr10!
Missing character: There is no √ in font cmr10!
Missing character: There is no ° in font cmr10!
Missing character: There is no √ in font cmr10!
Missing character: There is no ™ in font cmr10!
Missing character: There is no · in font cmr10!
Missing character: There is no ª in font cmr10!
Missing character: There is no á in font cmr10!
Missing character: There is no · in font cmr10!
Missing character: There is no ª in font cmr10!
Missing character: There is no ë in font cmr10!
Missing character: There is no √ in font cmr10!
Missing character: There is no µ in font cmr10!
Missing character: There is no · in font cmr10!
Missing character: There is no ª in font cmr10!
Missing character: There is no © in font cmr10!
Missing character: There is no √ in font cmr10!
Missing character: There is no ¨ in font cmr10!
Missing character: There is no √ in font cmr10!
Missing character: There is no † in font cmr10!
Missing character: There is no √ in font cmr10!
Missing character: There is no ° in font cmr10!
Missing character: There is no √ in font cmr10!
Missing character: There is no ¨ in font cmr10!
Missing character: There is no √ in font cmr10!
Missing character: There is no ¢ in font cmr10!
Missing character: There is no · in font cmr10!
Missing character: There is no ª in font cmr10!
Missing character: There is no ± in font cmr10!
Missing character: There is no · in font cmr10!
Missing character: There is no ª in font cmr10!
Missing character: There is no á in font cmr10!
Missing character: There is no · in font cmr10!
Missing character: There is no ª in font cmr10!
Missing character: There is no ë in font cmr10!
Missing character: There is no √ in font cmr10!
Missing character: There is no ° in font cmr10!
Missing character: There is no √ in font cmr10!
Missing character: There is no ° in font cmr10!
Missing character: There is no · in font cmr10!
Missing character: There is no ª in font cmr10!
Missing character: There is no © in font cmr10!
Missing character: There is no √ in font cmr10!
Missing character: There is no ™ in font cmr10!
Missing character: There is no ∆ in font cmr10!
Missing character: There is no ° in font cmr10!
Missing character: There is no · in font cmr10!
Missing character: There is no ª in font cmr10!
Missing character: There is no ü in font cmr10!
Missing character: There is no √ in font cmr10!
Missing character: There is no ° in font cmr10!
Missing character: There is no · in font cmr10!
Missing character: There is no ª in font cmr10!
Missing character: There is no • in font cmr10!
Missing character: There is no ∆ in font cmr10!
Missing character: There is no ∞ in font cmr10!
Missing character: There is no ∆ in font cmr10!
Missing character: There is no ° in font cmr10!
Missing character: There is no √ in font cmr10!
Missing character: There is no ° in font cmr10!
Missing character: There is no ƒ in font cmr10!
Missing character: There is no ë in font cmr10!
Missing character: There is no √ in font cmr10!
Missing character: There is no £ in font cmr10!
Missing character: There is no ƒ in font cmr10!
Missing character: There is no ë in font cmr10!
Missing character: There is no · in font cmr10!
Missing character: There is no ª in font cmr10!
Missing character: There is no Å in font cmr10!
Missing character: There is no · in font cmr10!
Missing character: There is no ∫ in font cmr10!
Missing character: There is no • in font cmr10!
Missing character: There is no · in font cmr10!
Missing character: There is no ª in font cmr10!
Missing character: There is no ü in font cmr10!
Missing character: There is no ∆ in font cmr10!
Missing character: There is no ∞ in font cmr10!
Missing character: There is no ∆ in font cmr10!
Missing character: There is no ° in font cmr10!
Missing character: There is no · in font cmr10!
Missing character: There is no ∫ in font cmr10!
Missing character: There is no ø in font cmr10!
Missing character: There is no · in font cmr10!
Missing character: There is no ∫ in font cmr10!
Missing character: There is no £ in font cmr10!
Missing character: There is no · in font cmr10!
Missing character: There is no ª in font cmr10!
Missing character: There is no ± in font cmr10!
Missing character: There is no · in font cmr10!
Missing character: There is no ª in font cmr10!
Missing character: There is no á in font cmr10!
Missing character: There is no √ in font cmr10!
Missing character: There is no † in font cmr10!
Missing character: There is no ƒ in font cmr10!
Missing character: There is no ë in font cmr10!
Missing character: There is no √ in font cmr10!
Missing character: There is no ° in font cmr10!
Missing character: There is no √ in font cmr10!
Missing character: There is no ° in font cmr10!
Missing character: There is no · in font cmr10!
Missing character: There is no ª in font cmr10!
Missing character: There is no á in font cmr10!
Missing character: There is no · in font cmr10!
Missing character: There is no ∫ in font cmr10!
Missing character: There is no £ in font cmr10!
Missing character: There is no · in font cmr10!
Missing character: There is no ∫ in font cmr10!
Missing character: There is no Ω in font cmr10!
Missing character: There is no ƒ in font cmr10!
Missing character: There is no ë in font cmr10!
Missing character: There is no ∆ in font cmr10!
Missing character: There is no ∞ in font cmr10!
Missing character: There is no · in font cmr10!
Missing character: There is no ª in font cmr10!
Missing character: There is no £ in font cmr10!
Missing character: There is no √ in font cmr10!
Missing character: There is no ¥ in font cmr10!
Missing character: There is no · in font cmr10!
Missing character: There is no ∫ in font cmr10!
Missing character: There is no £ in font cmr10!
Missing character: There is no · in font cmr10!
Missing character: There is no ª in font cmr10!
Missing character: There is no π in font cmr10!
Missing character: There is no ∆ in font cmr10!
Missing character: There is no ∞ in font cmr10!
Missing character: There is no · in font cmr10!
Missing character: There is no ª in font cmr10!
Missing character: There is no ° in font cmr10!
Missing character: There is no ∆ in font cmr10!
Missing character: There is no ∞ in font cmr10!
Missing character: There is no ∆ in font cmr10!
Missing character: There is no ° in font cmr10!
Missing character: There is no √ in font cmr10!
Missing character: There is no † in font cmr10!
Missing character: There is no · in font cmr10!
Missing character: There is no ∫ in font cmr10!
Missing character: There is no ß in font cmr10!
Missing character: There is no · in font cmr10!
Missing character: There is no ∫ in font cmr10!
Missing character: There is no ø in font cmr10!
Missing character: There is no · in font cmr10!
Missing character: There is no ∫ in font cmr10!
Missing character: There is no ≠ in font cmr10!
Missing character: There is no · in font cmr10!
Missing character: There is no ª in font cmr10!
Missing character: There is no ï in font cmr10!
Missing character: There is no · in font cmr10!
Missing character: There is no ∫ in font cmr10!
Missing character: There is no ø in font cmr10!
Missing character: There is no √ in font cmr10!
Missing character: There is no ≥ in font cmr10!
Missing character: There is no ∆ in font cmr10!
Missing character: There is no ∞ in font cmr10!
Missing character: There is no · in font cmr10!
Missing character: There is no ª in font cmr10!
Missing character: There is no £ in font cmr10!
Missing character: There is no · in font cmr10!
Missing character: There is no ª in font cmr10!
Missing character: There is no ô in font cmr10!
Missing character: There is no · in font cmr10!
Missing character: There is no ª in font cmr10!
Missing character: There is no ß in font cmr10!
Missing character: There is no √ in font cmr10!
Missing character: There is no ™ in font cmr10!
Missing character: There is no · in font cmr10!
Missing character: There is no ª in font cmr10!
Missing character: There is no © in font cmr10!
Missing character: There is no √ in font cmr10!
Missing character: There is no † in font cmr10!
Missing character: There is no ∆ in font cmr10!
Missing character: There is no ∞ in font cmr10!
Missing character: There is no · in font cmr10!
Missing character: There is no ª in font cmr10!
Missing character: There is no õ in font cmr10!
Missing character: There is no √ in font cmr10!
Missing character: There is no ° in font cmr10!
Missing character: There is no · in font cmr10!
Missing character: There is no ª in font cmr10!
Missing character: There is no É in font cmr10!
Missing character: There is no · in font cmr10!
Missing character: There is no ∫ in font cmr10!
Missing character: There is no ø in font cmr10!
[1{/usr/share/texmf/fonts/map/pdftex/updmap/pdftex.map}] )</usr/share/texmf/fon
ts/type1/bluesky/cm/cmr10.pfb>
Output written on preface.pdf (1 page, 13574 bytes).
PDF statistics:
 10 PDF objects out of 1000 (max. 8388607)
 0 named destinations out of 1000 (max. 131072)
 1 words of extra memory for PDF output out of 10000 (max. 10000000)

